INF [20190416-16:37:31.836] thr=1   paramiko.hostkeys: Unable to handle key of type 1024
INF [20190416-16:38:12.025] thr=1   paramiko.hostkeys: Unable to handle key of type 1024
INF [20190416-16:38:42.400] thr=1   paramiko.hostkeys: Unable to handle key of type 1024
INF [20190416-16:39:12.777] thr=1   paramiko.hostkeys: Unable to handle key of type 1024
INF [20190416-16:39:43.166] thr=1   paramiko.hostkeys: Unable to handle key of type 1024
DEB [20190416-16:39:43.534] thr=2   paramiko.transport: starting thread (client mode): 0x10236690L
DEB [20190416-16:39:43.534] thr=2   paramiko.transport: Local version/idstring: SSH-2.0-paramiko_2.4.1
DEB [20190416-16:39:43.807] thr=2   paramiko.transport: Remote version/idstring: SSH-2.0-OpenSSH_6.2
INF [20190416-16:39:43.807] thr=2   paramiko.transport: Connected (version 2.0, client OpenSSH_6.2)
DEB [20190416-16:39:44.057] thr=2   paramiko.transport: kex algos:[u'ecdh-sha2-nistp256', u'ecdh-sha2-nistp384', u'ecdh-sha2-nistp521', u'diffie-hellman-group-exchange-sha256', u'diffie-hellman-group-exchange-sha1', u'diffie-hellman-group14-sha1', u'diffie-hellman-group1-sha1'] server key:[u'ssh-rsa', u'ssh-dss', u'ecdsa-sha2-nistp256'] client encrypt:[u'aes128-ctr', u'aes192-ctr', u'aes256-ctr', u'arcfour256', u'arcfour128', u'aes128-gcm@openssh.com', u'aes256-gcm@openssh.com', u'aes128-cbc', u'3des-cbc', u'blowfish-cbc', u'cast128-cbc', u'aes192-cbc', u'aes256-cbc', u'arcfour', u'rijndael-cbc@lysator.liu.se'] server encrypt:[u'aes128-ctr', u'aes192-ctr', u'aes256-ctr', u'arcfour256', u'arcfour128', u'aes128-gcm@openssh.com', u'aes256-gcm@openssh.com', u'aes128-cbc', u'3des-cbc', u'blowfish-cbc', u'cast128-cbc', u'aes192-cbc', u'aes256-cbc', u'arcfour', u'rijndael-cbc@lysator.liu.se'] client mac:[u'hmac-md5-etm@openssh.com', u'hmac-sha1-etm@openssh.com', u'umac-64-etm@openssh.com', u'umac-128-etm@openssh.com', u'hmac-sha2-256-etm@openssh.com', u'hmac-sha2-512-etm@openssh.com', u'hmac-ripemd160-etm@openssh.com', u'hmac-sha1-96-etm@openssh.com', u'hmac-md5-96-etm@openssh.com', u'hmac-md5', u'hmac-sha1', u'umac-64@openssh.com', u'umac-128@openssh.com', u'hmac-sha2-256', u'hmac-sha2-512', u'hmac-ripemd160', u'hmac-ripemd160@openssh.com', u'hmac-sha1-96', u'hmac-md5-96'] server mac:[u'hmac-md5-etm@openssh.com', u'hmac-sha1-etm@openssh.com', u'umac-64-etm@openssh.com', u'umac-128-etm@openssh.com', u'hmac-sha2-256-etm@openssh.com', u'hmac-sha2-512-etm@openssh.com', u'hmac-ripemd160-etm@openssh.com', u'hmac-sha1-96-etm@openssh.com', u'hmac-md5-96-etm@openssh.com', u'hmac-md5', u'hmac-sha1', u'umac-64@openssh.com', u'umac-128@openssh.com', u'hmac-sha2-256', u'hmac-sha2-512', u'hmac-ripemd160', u'hmac-ripemd160@openssh.com', u'hmac-sha1-96', u'hmac-md5-96'] client compress:[u'none', u'zlib@openssh.com'] server compress:[u'none', u'zlib@openssh.com'] client lang:[u''] server lang:[u''] kex follows?False
DEB [20190416-16:39:44.057] thr=2   paramiko.transport: Kex agreed: ecdh-sha2-nistp256
DEB [20190416-16:39:44.057] thr=2   paramiko.transport: HostKey agreed: ecdsa-sha2-nistp256
DEB [20190416-16:39:44.057] thr=2   paramiko.transport: Cipher agreed: aes128-ctr
DEB [20190416-16:39:44.058] thr=2   paramiko.transport: MAC agreed: hmac-sha2-256
DEB [20190416-16:39:44.058] thr=2   paramiko.transport: Compression agreed: none
DEB [20190416-16:39:44.352] thr=2   paramiko.transport: kex engine KexNistp256 specified hash_algo <built-in function openssl_sha256>
DEB [20190416-16:39:44.353] thr=2   paramiko.transport: Switch to new keys ...
DEB [20190416-16:39:44.360] thr=1   paramiko.transport: Adding ecdsa-sha2-nistp256 host key for ec2-54-198-174-120.compute-1.amazonaws.com: e23107a4a0ecce52afe5156c6a8c3bed
DEB [20190416-16:39:44.363] thr=1   paramiko.transport: Trying discovered key 65d6e98cbcd3f4e2533dea83812eb084 in /Users/awicenec/.ssh/icrar_ngas.pem
DEB [20190416-16:39:44.892] thr=2   paramiko.transport: userauth is OK
INF [20190416-16:39:45.458] thr=2   paramiko.transport: Authentication (publickey) successful!
DEB [20190416-16:39:45.468] thr=1   paramiko.transport: [chan 0] Max packet in: 32768 bytes
DEB [20190416-16:39:45.720] thr=2   paramiko.transport: [chan 0] Max packet out: 32768 bytes
DEB [20190416-16:39:45.720] thr=2   paramiko.transport: Secsh channel 0 opened.
DEB [20190416-16:39:46.000] thr=2   paramiko.transport: [chan 0] Sesch channel 0 request ok
DEB [20190416-16:39:46.253] thr=2   paramiko.transport: [chan 0] Sesch channel 0 request ok
DEB [20190416-16:39:46.365] thr=2   paramiko.transport: [chan 0] EOF received (0)
DEB [20190416-16:39:46.365] thr=2   paramiko.transport: [chan 0] EOF sent (0)
DEB [20190416-16:39:46.377] thr=1   paramiko.transport: [chan 1] Max packet in: 32768 bytes
DEB [20190416-16:39:46.902] thr=2   paramiko.transport: [chan 1] Max packet out: 32768 bytes
DEB [20190416-16:39:46.902] thr=2   paramiko.transport: Secsh channel 1 opened.
DEB [20190416-16:39:47.165] thr=2   paramiko.transport: [chan 1] Sesch channel 1 request ok
DEB [20190416-16:39:47.417] thr=2   paramiko.transport: [chan 1] Sesch channel 1 request ok
DEB [20190416-16:39:47.474] thr=2   paramiko.transport: [chan 1] EOF received (1)
DEB [20190416-16:39:47.475] thr=2   paramiko.transport: [chan 1] EOF sent (1)
DEB [20190416-16:39:47.494] thr=1   paramiko.transport: [chan 2] Max packet in: 32768 bytes
DEB [20190416-16:39:48.015] thr=2   paramiko.transport: [chan 2] Max packet out: 32768 bytes
DEB [20190416-16:39:48.015] thr=2   paramiko.transport: Secsh channel 2 opened.
DEB [20190416-16:39:48.276] thr=2   paramiko.transport: [chan 2] Sesch channel 2 request ok
DEB [20190416-16:39:48.529] thr=2   paramiko.transport: [chan 2] Sesch channel 2 request ok
DEB [20190416-16:39:48.588] thr=2   paramiko.transport: [chan 2] EOF received (2)
DEB [20190416-16:39:48.588] thr=2   paramiko.transport: [chan 2] EOF sent (2)
DEB [20190416-16:39:48.601] thr=1   paramiko.transport: [chan 3] Max packet in: 32768 bytes
DEB [20190416-16:39:49.126] thr=2   paramiko.transport: [chan 3] Max packet out: 32768 bytes
DEB [20190416-16:39:49.127] thr=2   paramiko.transport: Secsh channel 3 opened.
DEB [20190416-16:39:49.391] thr=2   paramiko.transport: [chan 3] Sesch channel 3 request ok
DEB [20190416-16:39:49.649] thr=2   paramiko.transport: [chan 3] Sesch channel 3 request ok
DEB [20190416-16:39:49.700] thr=2   paramiko.transport: [chan 3] EOF received (3)
DEB [20190416-16:39:49.700] thr=2   paramiko.transport: [chan 3] EOF sent (3)
DEB [20190416-16:39:49.719] thr=1   paramiko.transport: [chan 4] Max packet in: 32768 bytes
DEB [20190416-16:39:50.243] thr=2   paramiko.transport: [chan 4] Max packet out: 32768 bytes
DEB [20190416-16:39:50.243] thr=2   paramiko.transport: Secsh channel 4 opened.
DEB [20190416-16:39:50.504] thr=2   paramiko.transport: [chan 4] Sesch channel 4 request ok
DEB [20190416-16:39:50.756] thr=2   paramiko.transport: [chan 4] Sesch channel 4 request ok
DEB [20190416-16:39:50.814] thr=2   paramiko.transport: [chan 4] EOF received (4)
DEB [20190416-16:39:50.814] thr=2   paramiko.transport: [chan 4] EOF sent (4)
DEB [20190416-16:39:50.830] thr=1   paramiko.transport: [chan 5] Max packet in: 32768 bytes
DEB [20190416-16:39:51.351] thr=2   paramiko.transport: [chan 5] Max packet out: 32768 bytes
DEB [20190416-16:39:51.351] thr=2   paramiko.transport: Secsh channel 5 opened.
DEB [20190416-16:39:51.612] thr=2   paramiko.transport: [chan 5] Sesch channel 5 request ok
DEB [20190416-16:39:51.865] thr=2   paramiko.transport: [chan 5] Sesch channel 5 request ok
DEB [20190416-16:39:51.921] thr=2   paramiko.transport: [chan 5] EOF received (5)
DEB [20190416-16:39:51.921] thr=2   paramiko.transport: [chan 5] EOF sent (5)
DEB [20190416-16:39:51.935] thr=1   paramiko.transport: [chan 6] Max packet in: 32768 bytes
DEB [20190416-16:39:52.459] thr=2   paramiko.transport: [chan 6] Max packet out: 32768 bytes
DEB [20190416-16:39:52.459] thr=2   paramiko.transport: Secsh channel 6 opened.
DEB [20190416-16:39:52.712] thr=2   paramiko.transport: [chan 6] Sesch channel 6 request ok
DEB [20190416-16:39:52.964] thr=2   paramiko.transport: [chan 6] Sesch channel 6 request ok
DEB [20190416-16:39:53.021] thr=2   paramiko.transport: [chan 6] EOF received (6)
DEB [20190416-16:39:53.022] thr=2   paramiko.transport: [chan 6] EOF sent (6)
DEB [20190416-16:39:53.036] thr=1   paramiko.transport: [chan 7] Max packet in: 32768 bytes
DEB [20190416-16:39:53.559] thr=2   paramiko.transport: [chan 7] Max packet out: 32768 bytes
DEB [20190416-16:39:53.559] thr=2   paramiko.transport: Secsh channel 7 opened.
DEB [20190416-16:39:53.817] thr=2   paramiko.transport: [chan 7] Sesch channel 7 request ok
DEB [20190416-16:39:54.069] thr=2   paramiko.transport: [chan 7] Sesch channel 7 request ok
DEB [20190416-16:39:54.126] thr=2   paramiko.transport: [chan 7] EOF received (7)
DEB [20190416-16:39:54.127] thr=2   paramiko.transport: [chan 7] EOF sent (7)
DEB [20190416-16:39:54.144] thr=1   paramiko.transport: [chan 8] Max packet in: 32768 bytes
DEB [20190416-16:39:54.667] thr=2   paramiko.transport: [chan 8] Max packet out: 32768 bytes
DEB [20190416-16:39:54.667] thr=2   paramiko.transport: Secsh channel 8 opened.
DEB [20190416-16:39:54.926] thr=2   paramiko.transport: [chan 8] Sesch channel 8 request ok
DEB [20190416-16:39:55.178] thr=2   paramiko.transport: [chan 8] Sesch channel 8 request ok
DEB [20190416-16:39:55.235] thr=2   paramiko.transport: [chan 8] EOF received (8)
DEB [20190416-16:39:55.236] thr=2   paramiko.transport: [chan 8] EOF sent (8)
DEB [20190416-16:39:55.250] thr=1   paramiko.transport: [chan 9] Max packet in: 32768 bytes
DEB [20190416-16:39:55.774] thr=2   paramiko.transport: [chan 9] Max packet out: 32768 bytes
DEB [20190416-16:39:55.775] thr=2   paramiko.transport: Secsh channel 9 opened.
DEB [20190416-16:39:56.027] thr=2   paramiko.transport: [chan 9] Sesch channel 9 request ok
DEB [20190416-16:39:56.279] thr=2   paramiko.transport: [chan 9] Sesch channel 9 request ok
DEB [20190416-16:39:56.339] thr=2   paramiko.transport: [chan 9] EOF received (9)
DEB [20190416-16:39:56.339] thr=2   paramiko.transport: [chan 9] EOF sent (9)
DEB [20190416-16:39:56.349] thr=1   paramiko.transport: [chan 10] Max packet in: 32768 bytes
DEB [20190416-16:39:56.879] thr=2   paramiko.transport: [chan 10] Max packet out: 32768 bytes
DEB [20190416-16:39:56.879] thr=2   paramiko.transport: Secsh channel 10 opened.
DEB [20190416-16:39:57.144] thr=2   paramiko.transport: [chan 10] Sesch channel 10 request ok
DEB [20190416-16:39:57.396] thr=2   paramiko.transport: [chan 10] Sesch channel 10 request ok
DEB [20190416-16:42:26.480] thr=2   paramiko.transport: [chan 10] EOF received (10)
DEB [20190416-16:42:26.482] thr=2   paramiko.transport: [chan 10] EOF sent (10)
DEB [20190416-16:42:26.494] thr=1   paramiko.transport: [chan 11] Max packet in: 32768 bytes
DEB [20190416-16:42:27.030] thr=2   paramiko.transport: [chan 11] Max packet out: 32768 bytes
DEB [20190416-16:42:27.030] thr=2   paramiko.transport: Secsh channel 11 opened.
DEB [20190416-16:42:27.296] thr=2   paramiko.transport: [chan 11] Sesch channel 11 request ok
DEB [20190416-16:42:27.554] thr=2   paramiko.transport: [chan 11] Sesch channel 11 request ok
DEB [20190416-16:42:31.971] thr=2   paramiko.transport: [chan 11] EOF received (11)
DEB [20190416-16:42:31.972] thr=2   paramiko.transport: [chan 11] EOF sent (11)
DEB [20190416-16:42:31.982] thr=1   paramiko.transport: [chan 12] Max packet in: 32768 bytes
DEB [20190416-16:42:32.521] thr=2   paramiko.transport: [chan 12] Max packet out: 32768 bytes
DEB [20190416-16:42:32.522] thr=2   paramiko.transport: Secsh channel 12 opened.
DEB [20190416-16:42:32.785] thr=2   paramiko.transport: [chan 12] Sesch channel 12 request ok
DEB [20190416-16:42:33.042] thr=2   paramiko.transport: [chan 12] Sesch channel 12 request ok
DEB [20190416-16:42:36.488] thr=2   paramiko.transport: [chan 12] EOF received (12)
DEB [20190416-16:42:36.489] thr=2   paramiko.transport: [chan 12] EOF sent (12)
DEB [20190416-16:42:36.505] thr=1   paramiko.transport: [chan 13] Max packet in: 32768 bytes
DEB [20190416-16:42:37.038] thr=2   paramiko.transport: [chan 13] Max packet out: 32768 bytes
DEB [20190416-16:42:37.038] thr=2   paramiko.transport: Secsh channel 13 opened.
DEB [20190416-16:42:37.309] thr=2   paramiko.transport: [chan 13] Sesch channel 13 request ok
DEB [20190416-16:42:37.568] thr=2   paramiko.transport: [chan 13] Sesch channel 13 request ok
DEB [20190416-16:42:42.892] thr=2   paramiko.transport: [chan 13] EOF received (13)
DEB [20190416-16:42:42.893] thr=2   paramiko.transport: [chan 13] EOF sent (13)
DEB [20190416-16:42:42.899] thr=1   paramiko.transport: [chan 14] Max packet in: 32768 bytes
DEB [20190416-16:42:43.442] thr=2   paramiko.transport: [chan 14] Max packet out: 32768 bytes
DEB [20190416-16:42:43.442] thr=2   paramiko.transport: Secsh channel 14 opened.
DEB [20190416-16:42:43.728] thr=2   paramiko.transport: [chan 14] Sesch channel 14 request ok
DEB [20190416-16:42:43.985] thr=2   paramiko.transport: [chan 14] Sesch channel 14 request ok
DEB [20190416-16:42:48.303] thr=2   paramiko.transport: [chan 14] EOF received (14)
DEB [20190416-16:42:48.304] thr=2   paramiko.transport: [chan 14] EOF sent (14)
DEB [20190416-16:42:48.327] thr=1   paramiko.transport: [chan 15] Max packet in: 32768 bytes
DEB [20190416-16:42:48.851] thr=2   paramiko.transport: [chan 15] Max packet out: 32768 bytes
DEB [20190416-16:42:48.852] thr=2   paramiko.transport: Secsh channel 15 opened.
DEB [20190416-16:42:49.122] thr=2   paramiko.transport: [chan 15] Sesch channel 15 request ok
DEB [20190416-16:42:49.379] thr=2   paramiko.transport: [chan 15] Sesch channel 15 request ok
DEB [20190416-16:42:53.096] thr=2   paramiko.transport: [chan 15] EOF received (15)
DEB [20190416-16:42:53.097] thr=2   paramiko.transport: [chan 15] EOF sent (15)
DEB [20190416-16:42:53.120] thr=1   paramiko.transport: [chan 16] Max packet in: 32768 bytes
DEB [20190416-16:42:53.647] thr=2   paramiko.transport: [chan 16] Max packet out: 32768 bytes
DEB [20190416-16:42:53.647] thr=2   paramiko.transport: Secsh channel 16 opened.
DEB [20190416-16:42:53.906] thr=2   paramiko.transport: [chan 16] Sesch channel 16 request ok
DEB [20190416-16:42:54.163] thr=2   paramiko.transport: [chan 16] Sesch channel 16 request ok
DEB [20190416-16:42:56.840] thr=2   paramiko.transport: [chan 16] EOF received (16)
DEB [20190416-16:42:56.841] thr=2   paramiko.transport: [chan 16] EOF sent (16)
DEB [20190416-16:42:56.875] thr=1   paramiko.transport: [chan 17] Max packet in: 32768 bytes
DEB [20190416-16:42:57.390] thr=2   paramiko.transport: [chan 17] Max packet out: 32768 bytes
DEB [20190416-16:42:57.391] thr=2   paramiko.transport: Secsh channel 17 opened.
DEB [20190416-16:42:57.648] thr=2   paramiko.transport: [chan 17] Sesch channel 17 request ok
DEB [20190416-16:42:57.905] thr=2   paramiko.transport: [chan 17] Sesch channel 17 request ok
DEB [20190416-16:42:58.306] thr=2   paramiko.transport: [chan 17] EOF received (17)
DEB [20190416-16:42:58.307] thr=2   paramiko.transport: [chan 17] EOF sent (17)
DEB [20190416-16:42:58.312] thr=1   paramiko.transport: [chan 18] Max packet in: 32768 bytes
DEB [20190416-16:42:58.856] thr=2   paramiko.transport: [chan 18] Max packet out: 32768 bytes
DEB [20190416-16:42:58.856] thr=2   paramiko.transport: Secsh channel 18 opened.
DEB [20190416-16:42:59.145] thr=2   paramiko.transport: [chan 18] Sesch channel 18 request ok
DEB [20190416-16:42:59.403] thr=2   paramiko.transport: [chan 18] Sesch channel 18 request ok
DEB [20190416-16:43:15.082] thr=2   paramiko.transport: [chan 18] EOF received (18)
DEB [20190416-16:43:15.082] thr=2   paramiko.transport: [chan 18] EOF sent (18)
DEB [20190416-16:43:15.093] thr=1   paramiko.transport: [chan 19] Max packet in: 32768 bytes
DEB [20190416-16:43:15.630] thr=2   paramiko.transport: [chan 19] Max packet out: 32768 bytes
DEB [20190416-16:43:15.631] thr=2   paramiko.transport: Secsh channel 19 opened.
DEB [20190416-16:43:15.905] thr=2   paramiko.transport: [chan 19] Sesch channel 19 request ok
DEB [20190416-16:43:16.162] thr=2   paramiko.transport: [chan 19] Sesch channel 19 request ok
DEB [20190416-16:43:17.417] thr=2   paramiko.transport: [chan 19] EOF received (19)
DEB [20190416-16:43:17.418] thr=2   paramiko.transport: [chan 19] EOF sent (19)
DEB [20190416-16:43:17.432] thr=1   paramiko.transport: [chan 20] Max packet in: 32768 bytes
DEB [20190416-16:43:17.967] thr=2   paramiko.transport: [chan 20] Max packet out: 32768 bytes
DEB [20190416-16:43:17.967] thr=2   paramiko.transport: Secsh channel 20 opened.
DEB [20190416-16:43:18.238] thr=2   paramiko.transport: [chan 20] Sesch channel 20 request ok
DEB [20190416-16:43:18.495] thr=2   paramiko.transport: [chan 20] Sesch channel 20 request ok
DEB [20190416-16:43:23.058] thr=2   paramiko.transport: [chan 20] EOF received (20)
DEB [20190416-16:43:23.058] thr=2   paramiko.transport: [chan 20] EOF sent (20)
DEB [20190416-16:43:23.076] thr=1   paramiko.transport: [chan 21] Max packet in: 32768 bytes
DEB [20190416-16:43:23.607] thr=2   paramiko.transport: [chan 21] Max packet out: 32768 bytes
DEB [20190416-16:43:23.607] thr=2   paramiko.transport: Secsh channel 21 opened.
DEB [20190416-16:43:23.877] thr=2   paramiko.transport: [chan 21] Sesch channel 21 request ok
DEB [20190416-16:43:24.134] thr=2   paramiko.transport: [chan 21] Sesch channel 21 request ok
DEB [20190416-16:43:27.665] thr=2   paramiko.transport: [chan 21] EOF received (21)
DEB [20190416-16:43:27.666] thr=2   paramiko.transport: [chan 21] EOF sent (21)
DEB [20190416-16:43:27.698] thr=1   paramiko.transport: [chan 22] Max packet in: 32768 bytes
DEB [20190416-16:43:28.215] thr=2   paramiko.transport: [chan 22] Max packet out: 32768 bytes
DEB [20190416-16:43:28.215] thr=2   paramiko.transport: Secsh channel 22 opened.
DEB [20190416-16:43:28.472] thr=2   paramiko.transport: [chan 22] Sesch channel 22 request ok
DEB [20190416-16:43:28.729] thr=2   paramiko.transport: [chan 22] Sesch channel 22 request ok
DEB [20190416-16:43:28.889] thr=2   paramiko.transport: [chan 22] EOF received (22)
DEB [20190416-16:43:28.890] thr=2   paramiko.transport: [chan 22] EOF sent (22)
DEB [20190416-16:43:28.907] thr=1   paramiko.transport: [chan 23] Max packet in: 32768 bytes
DEB [20190416-16:43:29.439] thr=2   paramiko.transport: [chan 23] Max packet out: 32768 bytes
DEB [20190416-16:43:29.439] thr=2   paramiko.transport: Secsh channel 23 opened.
DEB [20190416-16:43:29.700] thr=2   paramiko.transport: [chan 23] Sesch channel 23 request ok
DEB [20190416-16:43:29.958] thr=2   paramiko.transport: [chan 23] Sesch channel 23 request ok
DEB [20190416-16:43:30.027] thr=2   paramiko.transport: [chan 23] EOF received (23)
DEB [20190416-16:43:30.028] thr=2   paramiko.transport: [chan 23] EOF sent (23)
DEB [20190416-16:43:30.038] thr=1   paramiko.transport: [chan 24] Max packet in: 32768 bytes
DEB [20190416-16:43:30.575] thr=2   paramiko.transport: [chan 24] Max packet out: 32768 bytes
DEB [20190416-16:43:30.575] thr=2   paramiko.transport: Secsh channel 24 opened.
DEB [20190416-16:43:30.837] thr=2   paramiko.transport: [chan 24] Sesch channel 24 request ok
DEB [20190416-16:43:31.095] thr=2   paramiko.transport: [chan 24] Sesch channel 24 request ok
DEB [20190416-16:43:31.164] thr=2   paramiko.transport: [chan 24] EOF received (24)
DEB [20190416-16:43:31.164] thr=2   paramiko.transport: [chan 24] EOF sent (24)
DEB [20190416-16:43:31.168] thr=1   paramiko.transport: [chan 25] Max packet in: 32768 bytes
DEB [20190416-16:43:31.711] thr=2   paramiko.transport: [chan 25] Max packet out: 32768 bytes
DEB [20190416-16:43:31.711] thr=2   paramiko.transport: Secsh channel 25 opened.
DEB [20190416-16:43:31.969] thr=2   paramiko.transport: [chan 25] Sesch channel 25 request ok
DEB [20190416-16:43:32.227] thr=2   paramiko.transport: [chan 25] Sesch channel 25 request ok
DEB [20190416-16:43:32.299] thr=2   paramiko.transport: [chan 25] EOF received (25)
DEB [20190416-16:43:32.299] thr=2   paramiko.transport: [chan 25] EOF sent (25)
DEB [20190416-16:43:32.333] thr=1   paramiko.transport: [chan 26] Max packet in: 32768 bytes
DEB [20190416-16:43:32.847] thr=2   paramiko.transport: [chan 26] Max packet out: 32768 bytes
DEB [20190416-16:43:32.848] thr=2   paramiko.transport: Secsh channel 26 opened.
DEB [20190416-16:43:33.108] thr=2   paramiko.transport: [chan 26] Sesch channel 26 request ok
DEB [20190416-16:43:33.366] thr=2   paramiko.transport: [chan 26] Sesch channel 26 request ok
DEB [20190416-16:43:33.434] thr=2   paramiko.transport: [chan 26] EOF received (26)
DEB [20190416-16:43:33.435] thr=2   paramiko.transport: [chan 26] EOF sent (26)
DEB [20190416-16:43:33.438] thr=1   paramiko.transport: [chan 27] Max packet in: 32768 bytes
DEB [20190416-16:43:33.983] thr=2   paramiko.transport: [chan 27] Max packet out: 32768 bytes
DEB [20190416-16:43:33.983] thr=2   paramiko.transport: Secsh channel 27 opened.
DEB [20190416-16:43:34.270] thr=2   paramiko.transport: [chan 27] Sesch channel 27 request ok
DEB [20190416-16:43:34.527] thr=2   paramiko.transport: [chan 27] Sesch channel 27 request ok
DEB [20190416-16:43:34.596] thr=2   paramiko.transport: [chan 27] EOF received (27)
DEB [20190416-16:43:34.597] thr=2   paramiko.transport: [chan 27] EOF sent (27)
DEB [20190416-16:43:34.632] thr=1   paramiko.transport: [chan 28] Max packet in: 32768 bytes
DEB [20190416-16:43:35.143] thr=2   paramiko.transport: [chan 28] Max packet out: 32768 bytes
DEB [20190416-16:43:35.143] thr=2   paramiko.transport: Secsh channel 28 opened.
DEB [20190416-16:43:35.405] thr=2   paramiko.transport: [chan 28] Sesch channel 28 request ok
DEB [20190416-16:43:35.662] thr=2   paramiko.transport: [chan 28] Sesch channel 28 request ok
DEB [20190416-16:43:35.731] thr=2   paramiko.transport: [chan 28] EOF received (28)
DEB [20190416-16:43:35.731] thr=2   paramiko.transport: [chan 28] EOF sent (28)
DEB [20190416-16:43:35.766] thr=1   paramiko.transport: [chan 29] Max packet in: 32768 bytes
DEB [20190416-16:43:36.279] thr=2   paramiko.transport: [chan 29] Max packet out: 32768 bytes
DEB [20190416-16:43:36.279] thr=2   paramiko.transport: Secsh channel 29 opened.
DEB [20190416-16:43:36.539] thr=2   paramiko.transport: [chan 29] Sesch channel 29 request ok
DEB [20190416-16:43:36.796] thr=2   paramiko.transport: [chan 29] Sesch channel 29 request ok
DEB [20190416-16:43:36.866] thr=2   paramiko.transport: [chan 29] EOF received (29)
DEB [20190416-16:43:36.866] thr=2   paramiko.transport: [chan 29] EOF sent (29)
DEB [20190416-16:43:36.899] thr=1   paramiko.transport: [chan 30] Max packet in: 32768 bytes
DEB [20190416-16:43:37.415] thr=2   paramiko.transport: [chan 30] Max packet out: 32768 bytes
DEB [20190416-16:43:37.415] thr=2   paramiko.transport: Secsh channel 30 opened.
DEB [20190416-16:43:37.675] thr=2   paramiko.transport: [chan 30] Sesch channel 30 request ok
DEB [20190416-16:43:37.932] thr=2   paramiko.transport: [chan 30] Sesch channel 30 request ok
DEB [20190416-16:43:38.024] thr=2   paramiko.transport: [chan 30] EOF received (30)
DEB [20190416-16:43:38.025] thr=2   paramiko.transport: [chan 30] EOF sent (30)
DEB [20190416-16:43:38.038] thr=1   paramiko.transport: [chan 31] Max packet in: 32768 bytes
DEB [20190416-16:43:38.571] thr=2   paramiko.transport: [chan 31] Max packet out: 32768 bytes
DEB [20190416-16:43:38.571] thr=2   paramiko.transport: Secsh channel 31 opened.
DEB [20190416-16:43:38.832] thr=2   paramiko.transport: [chan 31] Sesch channel 31 request ok
DEB [20190416-16:43:39.089] thr=2   paramiko.transport: [chan 31] Sesch channel 31 request ok
DEB [20190416-16:43:39.194] thr=2   paramiko.transport: [chan 31] EOF received (31)
DEB [20190416-16:43:39.195] thr=2   paramiko.transport: [chan 31] EOF sent (31)
DEB [20190416-16:43:39.204] thr=1   paramiko.transport: [chan 32] Max packet in: 32768 bytes
DEB [20190416-16:43:39.743] thr=2   paramiko.transport: [chan 32] Max packet out: 32768 bytes
DEB [20190416-16:43:39.744] thr=2   paramiko.transport: Secsh channel 32 opened.
DEB [20190416-16:43:40.006] thr=2   paramiko.transport: [chan 32] Sesch channel 32 request ok
DEB [20190416-16:43:40.263] thr=2   paramiko.transport: [chan 32] Sesch channel 32 request ok
DEB [20190416-16:43:40.345] thr=2   paramiko.transport: [chan 32] EOF received (32)
DEB [20190416-16:43:40.345] thr=2   paramiko.transport: [chan 32] EOF sent (32)
DEB [20190416-16:43:40.366] thr=1   paramiko.transport: [chan 33] Max packet in: 32768 bytes
DEB [20190416-16:43:40.891] thr=2   paramiko.transport: [chan 33] Max packet out: 32768 bytes
DEB [20190416-16:43:40.892] thr=2   paramiko.transport: Secsh channel 33 opened.
DEB [20190416-16:43:41.155] thr=2   paramiko.transport: [chan 33] Sesch channel 33 request ok
DEB [20190416-16:43:41.413] thr=2   paramiko.transport: [chan 33] Sesch channel 33 request ok
DEB [20190416-16:43:41.486] thr=2   paramiko.transport: [chan 33] EOF received (33)
DEB [20190416-16:43:41.487] thr=2   paramiko.transport: [chan 33] EOF sent (33)
DEB [20190416-16:43:41.517] thr=1   paramiko.transport: [chan 34] Max packet in: 32768 bytes
DEB [20190416-16:43:42.036] thr=2   paramiko.transport: [chan 34] Max packet out: 32768 bytes
DEB [20190416-16:43:42.036] thr=2   paramiko.transport: Secsh channel 34 opened.
DEB [20190416-16:43:42.300] thr=2   paramiko.transport: [chan 34] Sesch channel 34 request ok
DEB [20190416-16:43:42.557] thr=2   paramiko.transport: [chan 34] Sesch channel 34 request ok
DEB [20190416-16:43:42.633] thr=2   paramiko.transport: [chan 34] EOF received (34)
DEB [20190416-16:43:42.633] thr=2   paramiko.transport: [chan 34] EOF sent (34)
DEB [20190416-16:43:42.660] thr=1   paramiko.transport: [chan 35] Max packet in: 32768 bytes
DEB [20190416-16:43:43.186] thr=2   paramiko.transport: [chan 35] Max packet out: 32768 bytes
DEB [20190416-16:43:43.186] thr=2   paramiko.transport: Secsh channel 35 opened.
DEB [20190416-16:43:43.448] thr=2   paramiko.transport: [chan 35] Sesch channel 35 request ok
DEB [20190416-16:43:43.705] thr=2   paramiko.transport: [chan 35] Sesch channel 35 request ok
DEB [20190416-16:43:43.774] thr=2   paramiko.transport: [chan 35] EOF received (35)
DEB [20190416-16:43:43.775] thr=2   paramiko.transport: [chan 35] EOF sent (35)
DEB [20190416-16:43:43.782] thr=1   paramiko.transport: [chan 36] Max packet in: 32768 bytes
DEB [20190416-16:43:44.326] thr=2   paramiko.transport: [chan 36] Max packet out: 32768 bytes
DEB [20190416-16:43:44.326] thr=2   paramiko.transport: Secsh channel 36 opened.
DEB [20190416-16:43:44.591] thr=2   paramiko.transport: [chan 36] Sesch channel 36 request ok
DEB [20190416-16:43:44.848] thr=2   paramiko.transport: [chan 36] Sesch channel 36 request ok
DEB [20190416-16:43:45.285] thr=2   paramiko.transport: [chan 36] EOF received (36)
DEB [20190416-16:43:45.286] thr=2   paramiko.transport: [chan 36] EOF sent (36)
DEB [20190416-16:43:45.299] thr=1   paramiko.transport: [chan 37] Max packet in: 32768 bytes
DEB [20190416-16:43:45.835] thr=2   paramiko.transport: [chan 37] Max packet out: 32768 bytes
DEB [20190416-16:43:45.835] thr=2   paramiko.transport: Secsh channel 37 opened.
DEB [20190416-16:43:46.100] thr=2   paramiko.transport: [chan 37] Sesch channel 37 request ok
DEB [20190416-16:43:46.357] thr=2   paramiko.transport: [chan 37] Sesch channel 37 request ok
DEB [20190416-16:43:46.430] thr=2   paramiko.transport: [chan 37] EOF received (37)
DEB [20190416-16:43:46.430] thr=2   paramiko.transport: [chan 37] EOF sent (37)
DEB [20190416-16:43:46.458] thr=1   paramiko.transport: [chan 38] Max packet in: 32768 bytes
DEB [20190416-16:43:46.980] thr=2   paramiko.transport: [chan 38] Max packet out: 32768 bytes
DEB [20190416-16:43:46.980] thr=2   paramiko.transport: Secsh channel 38 opened.
DEB [20190416-16:43:47.238] thr=2   paramiko.transport: [chan 38] Sesch channel 38 request ok
DEB [20190416-16:43:47.496] thr=2   paramiko.transport: [chan 38] Sesch channel 38 request ok
DEB [20190416-16:43:47.570] thr=2   paramiko.transport: [chan 38] EOF received (38)
DEB [20190416-16:43:47.570] thr=2   paramiko.transport: [chan 38] EOF sent (38)
DEB [20190416-16:43:47.578] thr=1   paramiko.transport: [chan 39] Max packet in: 32768 bytes
DEB [20190416-16:43:48.120] thr=2   paramiko.transport: [chan 39] Max packet out: 32768 bytes
DEB [20190416-16:43:48.120] thr=2   paramiko.transport: Secsh channel 39 opened.
DEB [20190416-16:43:48.388] thr=2   paramiko.transport: [chan 39] Sesch channel 39 request ok
DEB [20190416-16:43:48.645] thr=2   paramiko.transport: [chan 39] Sesch channel 39 request ok
DEB [20190416-16:43:48.719] thr=2   paramiko.transport: [chan 39] EOF received (39)
DEB [20190416-16:43:48.719] thr=2   paramiko.transport: [chan 39] EOF sent (39)
DEB [20190416-16:43:48.752] thr=1   paramiko.transport: [chan 40] Max packet in: 32768 bytes
DEB [20190416-16:43:49.268] thr=2   paramiko.transport: [chan 40] Max packet out: 32768 bytes
DEB [20190416-16:43:49.268] thr=2   paramiko.transport: Secsh channel 40 opened.
DEB [20190416-16:43:49.526] thr=2   paramiko.transport: [chan 40] Sesch channel 40 request ok
DEB [20190416-16:43:49.783] thr=2   paramiko.transport: [chan 40] Sesch channel 40 request ok
DEB [20190416-16:43:49.857] thr=2   paramiko.transport: [chan 40] EOF received (40)
DEB [20190416-16:43:49.858] thr=2   paramiko.transport: [chan 40] EOF sent (40)
DEB [20190416-16:43:49.887] thr=1   paramiko.transport: [chan 41] Max packet in: 32768 bytes
DEB [20190416-16:43:50.407] thr=2   paramiko.transport: [chan 41] Max packet out: 32768 bytes
DEB [20190416-16:43:50.408] thr=2   paramiko.transport: Secsh channel 41 opened.
DEB [20190416-16:43:50.666] thr=2   paramiko.transport: [chan 41] Sesch channel 41 request ok
DEB [20190416-16:43:50.924] thr=2   paramiko.transport: [chan 41] Sesch channel 41 request ok
DEB [20190416-16:43:51.019] thr=2   paramiko.transport: [chan 41] EOF received (41)
DEB [20190416-16:43:51.019] thr=2   paramiko.transport: [chan 41] EOF sent (41)
INF [20190416-16:43:51.031] thr=1   paramiko.hostkeys: Unable to handle key of type 1024
DEB [20190416-16:43:51.403] thr=3   paramiko.transport: starting thread (client mode): 0x1016cd10L
DEB [20190416-16:43:51.404] thr=3   paramiko.transport: Local version/idstring: SSH-2.0-paramiko_2.4.1
DEB [20190416-16:43:51.702] thr=3   paramiko.transport: Remote version/idstring: SSH-2.0-OpenSSH_7.4
INF [20190416-16:43:51.703] thr=3   paramiko.transport: Connected (version 2.0, client OpenSSH_7.4)
DEB [20190416-16:43:51.955] thr=3   paramiko.transport: kex algos:[u'curve25519-sha256', u'curve25519-sha256@libssh.org', u'ecdh-sha2-nistp256', u'ecdh-sha2-nistp384', u'ecdh-sha2-nistp521', u'diffie-hellman-group-exchange-sha256', u'diffie-hellman-group16-sha512', u'diffie-hellman-group18-sha512', u'diffie-hellman-group-exchange-sha1', u'diffie-hellman-group14-sha256', u'diffie-hellman-group14-sha1', u'diffie-hellman-group1-sha1'] server key:[u'ssh-rsa', u'rsa-sha2-512', u'rsa-sha2-256', u'ssh-dss', u'ecdsa-sha2-nistp256', u'ssh-ed25519'] client encrypt:[u'chacha20-poly1305@openssh.com', u'aes128-ctr', u'aes192-ctr', u'aes256-ctr', u'aes128-gcm@openssh.com', u'aes256-gcm@openssh.com', u'aes128-cbc', u'aes192-cbc', u'aes256-cbc', u'blowfish-cbc', u'cast128-cbc', u'3des-cbc'] server encrypt:[u'chacha20-poly1305@openssh.com', u'aes128-ctr', u'aes192-ctr', u'aes256-ctr', u'aes128-gcm@openssh.com', u'aes256-gcm@openssh.com', u'aes128-cbc', u'aes192-cbc', u'aes256-cbc', u'blowfish-cbc', u'cast128-cbc', u'3des-cbc'] client mac:[u'umac-64-etm@openssh.com', u'umac-128-etm@openssh.com', u'hmac-sha2-256-etm@openssh.com', u'hmac-sha2-512-etm@openssh.com', u'hmac-sha1-etm@openssh.com', u'umac-64@openssh.com', u'umac-128@openssh.com', u'hmac-sha2-256', u'hmac-sha2-512', u'hmac-sha1'] server mac:[u'umac-64-etm@openssh.com', u'umac-128-etm@openssh.com', u'hmac-sha2-256-etm@openssh.com', u'hmac-sha2-512-etm@openssh.com', u'hmac-sha1-etm@openssh.com', u'umac-64@openssh.com', u'umac-128@openssh.com', u'hmac-sha2-256', u'hmac-sha2-512', u'hmac-sha1'] client compress:[u'none', u'zlib@openssh.com'] server compress:[u'none', u'zlib@openssh.com'] client lang:[u''] server lang:[u''] kex follows?False
DEB [20190416-16:43:51.955] thr=3   paramiko.transport: Kex agreed: ecdh-sha2-nistp256
DEB [20190416-16:43:51.955] thr=3   paramiko.transport: HostKey agreed: ssh-ed25519
DEB [20190416-16:43:51.955] thr=3   paramiko.transport: Cipher agreed: aes128-ctr
DEB [20190416-16:43:51.956] thr=3   paramiko.transport: MAC agreed: hmac-sha2-256
DEB [20190416-16:43:51.956] thr=3   paramiko.transport: Compression agreed: none
DEB [20190416-16:43:52.230] thr=3   paramiko.transport: kex engine KexNistp256 specified hash_algo <built-in function openssl_sha256>
DEB [20190416-16:43:52.231] thr=3   paramiko.transport: Switch to new keys ...
DEB [20190416-16:43:52.236] thr=1   paramiko.transport: Adding ssh-ed25519 host key for ec2-54-198-174-120.compute-1.amazonaws.com: e343e5b068990d007d3b201b463bbd65
DEB [20190416-16:43:52.237] thr=1   paramiko.transport: Trying discovered key 65d6e98cbcd3f4e2533dea83812eb084 in /Users/awicenec/.ssh/icrar_ngas.pem
DEB [20190416-16:43:52.774] thr=3   paramiko.transport: userauth is OK
INF [20190416-16:43:53.309] thr=3   paramiko.transport: Authentication (publickey) successful!
DEB [20190416-16:43:53.337] thr=1   paramiko.transport: [chan 0] Max packet in: 32768 bytes
DEB [20190416-16:43:53.561] thr=3   paramiko.transport: Received global request "hostkeys-00@openssh.com"
DEB [20190416-16:43:53.561] thr=3   paramiko.transport: Rejecting "hostkeys-00@openssh.com" global request from server.
DEB [20190416-16:43:53.814] thr=3   paramiko.transport: [chan 0] Max packet out: 32768 bytes
DEB [20190416-16:43:53.814] thr=3   paramiko.transport: Secsh channel 0 opened.
DEB [20190416-16:43:54.080] thr=3   paramiko.transport: [chan 0] Sesch channel 0 request ok
DEB [20190416-16:43:54.336] thr=3   paramiko.transport: [chan 0] Sesch channel 0 request ok
DEB [20190416-16:43:54.404] thr=3   paramiko.transport: [chan 0] EOF received (0)
DEB [20190416-16:43:54.405] thr=3   paramiko.transport: [chan 0] EOF sent (0)
DEB [20190416-16:43:54.412] thr=1   paramiko.transport: [chan 1] Max packet in: 32768 bytes
DEB [20190416-16:43:54.951] thr=3   paramiko.transport: [chan 1] Max packet out: 32768 bytes
DEB [20190416-16:43:54.951] thr=3   paramiko.transport: Secsh channel 1 opened.
DEB [20190416-16:43:55.220] thr=3   paramiko.transport: [chan 1] Sesch channel 1 request ok
DEB [20190416-16:43:55.476] thr=3   paramiko.transport: [chan 1] Sesch channel 1 request ok
DEB [20190416-16:43:55.544] thr=3   paramiko.transport: [chan 1] EOF received (1)
DEB [20190416-16:43:55.544] thr=3   paramiko.transport: [chan 1] EOF sent (1)
DEB [20190416-16:43:55.582] thr=1   paramiko.transport: [chan 2] Max packet in: 32768 bytes
DEB [20190416-16:43:56.089] thr=3   paramiko.transport: [chan 2] Max packet out: 32768 bytes
DEB [20190416-16:43:56.089] thr=3   paramiko.transport: Secsh channel 2 opened.
DEB [20190416-16:43:56.344] thr=3   paramiko.transport: [chan 2] Sesch channel 2 request ok
DEB [20190416-16:43:56.600] thr=3   paramiko.transport: [chan 2] Sesch channel 2 request ok
DEB [20190416-16:43:56.669] thr=3   paramiko.transport: [chan 2] EOF received (2)
DEB [20190416-16:43:56.670] thr=3   paramiko.transport: [chan 2] EOF sent (2)
DEB [20190416-16:43:56.707] thr=1   paramiko.transport: [chan 3] Max packet in: 32768 bytes
DEB [20190416-16:43:57.213] thr=3   paramiko.transport: [chan 3] Max packet out: 32768 bytes
DEB [20190416-16:43:57.214] thr=3   paramiko.transport: Secsh channel 3 opened.
DEB [20190416-16:43:57.472] thr=3   paramiko.transport: [chan 3] Sesch channel 3 request ok
DEB [20190416-16:43:57.728] thr=3   paramiko.transport: [chan 3] Sesch channel 3 request ok
DEB [20190416-16:43:57.796] thr=3   paramiko.transport: [chan 3] EOF received (3)
DEB [20190416-16:43:57.797] thr=3   paramiko.transport: [chan 3] EOF sent (3)
DEB [20190416-16:43:57.833] thr=1   paramiko.transport: [chan 4] Max packet in: 32768 bytes
DEB [20190416-16:43:58.342] thr=3   paramiko.transport: [chan 4] Max packet out: 32768 bytes
DEB [20190416-16:43:58.342] thr=3   paramiko.transport: Secsh channel 4 opened.
DEB [20190416-16:43:58.598] thr=3   paramiko.transport: [chan 4] Sesch channel 4 request ok
DEB [20190416-16:43:58.854] thr=3   paramiko.transport: [chan 4] Sesch channel 4 request ok
DEB [20190416-16:43:58.923] thr=3   paramiko.transport: [chan 4] EOF received (4)
DEB [20190416-16:43:58.923] thr=3   paramiko.transport: [chan 4] EOF sent (4)
DEB [20190416-16:43:59.072] thr=1   paramiko.transport: [chan 5] Max packet in: 32768 bytes
DEB [20190416-16:43:59.467] thr=3   paramiko.transport: [chan 5] Max packet out: 32768 bytes
DEB [20190416-16:43:59.467] thr=3   paramiko.transport: Secsh channel 5 opened.
DEB [20190416-16:43:59.735] thr=3   paramiko.transport: [chan 5] Sesch channel 5 request ok
DEB [20190416-16:43:59.992] thr=3   paramiko.transport: [chan 5] Sesch channel 5 request ok
DEB [20190416-16:44:00.059] thr=3   paramiko.transport: [chan 5] EOF received (5)
DEB [20190416-16:44:00.059] thr=3   paramiko.transport: [chan 5] EOF sent (5)
DEB [20190416-16:44:00.070] thr=1   paramiko.transport: [chan 6] Max packet in: 32768 bytes
DEB [20190416-16:44:00.601] thr=3   paramiko.transport: [chan 6] Max packet out: 32768 bytes
DEB [20190416-16:44:00.602] thr=3   paramiko.transport: Secsh channel 6 opened.
DEB [20190416-16:44:00.869] thr=3   paramiko.transport: [chan 6] Sesch channel 6 request ok
DEB [20190416-16:44:01.125] thr=3   paramiko.transport: [chan 6] Sesch channel 6 request ok
DEB [20190416-16:44:01.193] thr=3   paramiko.transport: [chan 6] EOF received (6)
DEB [20190416-16:44:01.194] thr=3   paramiko.transport: [chan 6] EOF sent (6)
DEB [20190416-16:44:01.229] thr=1   paramiko.transport: [chan 7] Max packet in: 32768 bytes
DEB [20190416-16:44:01.737] thr=3   paramiko.transport: [chan 7] Max packet out: 32768 bytes
DEB [20190416-16:44:01.737] thr=3   paramiko.transport: Secsh channel 7 opened.
DEB [20190416-16:44:01.993] thr=3   paramiko.transport: [chan 7] Sesch channel 7 request ok
DEB [20190416-16:44:02.249] thr=3   paramiko.transport: [chan 7] Sesch channel 7 request ok
DEB [20190416-16:44:02.318] thr=3   paramiko.transport: [chan 7] EOF received (7)
DEB [20190416-16:44:02.319] thr=3   paramiko.transport: [chan 7] EOF sent (7)
DEB [20190416-16:44:02.321] thr=1   paramiko.transport: [chan 8] Max packet in: 32768 bytes
DEB [20190416-16:44:02.862] thr=3   paramiko.transport: [chan 8] Max packet out: 32768 bytes
DEB [20190416-16:44:02.862] thr=3   paramiko.transport: Secsh channel 8 opened.
DEB [20190416-16:44:03.123] thr=3   paramiko.transport: [chan 8] Sesch channel 8 request ok
DEB [20190416-16:44:03.378] thr=3   paramiko.transport: [chan 8] Sesch channel 8 request ok
DEB [20190416-16:44:03.446] thr=3   paramiko.transport: [chan 8] EOF received (8)
DEB [20190416-16:44:03.446] thr=3   paramiko.transport: [chan 8] EOF sent (8)
DEB [20190416-16:44:03.451] thr=1   paramiko.transport: [chan 9] Max packet in: 32768 bytes
DEB [20190416-16:44:03.990] thr=3   paramiko.transport: [chan 9] Max packet out: 32768 bytes
DEB [20190416-16:44:03.990] thr=3   paramiko.transport: Secsh channel 9 opened.
DEB [20190416-16:44:04.247] thr=3   paramiko.transport: [chan 9] Sesch channel 9 request ok
DEB [20190416-16:44:04.503] thr=3   paramiko.transport: [chan 9] Sesch channel 9 request ok
DEB [20190416-16:44:05.194] thr=3   paramiko.transport: [chan 9] EOF received (9)
DEB [20190416-16:44:05.194] thr=3   paramiko.transport: [chan 9] EOF sent (9)
DEB [20190416-16:44:05.207] thr=1   paramiko.transport: [chan 10] Max packet in: 32768 bytes
DEB [20190416-16:44:05.738] thr=3   paramiko.transport: [chan 10] Max packet out: 32768 bytes
DEB [20190416-16:44:05.738] thr=3   paramiko.transport: Secsh channel 10 opened.
DEB [20190416-16:44:05.998] thr=3   paramiko.transport: [chan 10] Sesch channel 10 request ok
DEB [20190416-16:44:06.255] thr=3   paramiko.transport: [chan 10] Sesch channel 10 request ok
DEB [20190416-16:44:06.363] thr=3   paramiko.transport: [chan 10] EOF received (10)
DEB [20190416-16:44:06.363] thr=3   paramiko.transport: [chan 10] EOF sent (10)
DEB [20190416-16:44:06.371] thr=1   paramiko.transport: [chan 11] Max packet in: 32768 bytes
DEB [20190416-16:44:06.906] thr=3   paramiko.transport: [chan 11] Max packet out: 32768 bytes
DEB [20190416-16:44:06.906] thr=3   paramiko.transport: Secsh channel 11 opened.
DEB [20190416-16:44:07.180] thr=3   paramiko.transport: [chan 11] Sesch channel 11 request ok
DEB [20190416-16:44:07.435] thr=3   paramiko.transport: [chan 11] Sesch channel 11 request ok
DEB [20190416-16:44:09.298] thr=3   paramiko.transport: [chan 11] EOF received (11)
DEB [20190416-16:44:09.298] thr=3   paramiko.transport: [chan 11] EOF sent (11)
DEB [20190416-16:44:09.310] thr=1   paramiko.transport: [chan 12] Max packet in: 32768 bytes
DEB [20190416-16:44:09.842] thr=3   paramiko.transport: [chan 12] Max packet out: 32768 bytes
DEB [20190416-16:44:09.842] thr=3   paramiko.transport: Secsh channel 12 opened.
DEB [20190416-16:44:10.101] thr=3   paramiko.transport: [chan 12] Sesch channel 12 request ok
DEB [20190416-16:44:10.357] thr=3   paramiko.transport: [chan 12] Sesch channel 12 request ok
DEB [20190416-16:44:12.398] thr=3   paramiko.transport: [chan 12] EOF received (12)
DEB [20190416-16:44:12.399] thr=3   paramiko.transport: [chan 12] EOF sent (12)
DEB [20190416-16:44:12.499] thr=3   paramiko.transport: EOF in transport thread
DEB [20190416-16:44:12.596] thr=2   paramiko.transport: EOF in transport thread
